<?xml version="1.0" encoding="UTF-8"?>
<!-- Generated by org.testng.reporters.JUnitReportReporter -->
<testsuite hostname="DESKTOP-19TRVAU" failures="0" tests="1" name="com.Basics.FirstTestCase" time="0.012" errors="0" timestamp="2023-10-04T15:00:50 IST" skipped="0">
  <testcase classname="com.Basics.FirstTestCase" name="login" time="0.012"/>
</testsuite> <!-- com.Basics.FirstTestCase -->
